* Starting client
* Connecting to master process on port 12315
* Analyzing classpath: 
  - D:\University\Semester 5 - Winter 2026\EECS4313 - Software Engineering Testing\Assignment 2\EECS4313-Assignment2\target\test-classes
  - D:\University\Semester 5 - Winter 2026\EECS4313 - Software Engineering Testing\Assignment 2\EECS4313-Assignment2\target\classes
  - C:\Users\huynh\.m2\repository\junit\junit\4.13.2\junit-4.13.2.jar
  - C:\Users\huynh\.m2\repository\org\hamcrest\hamcrest-core\1.3\hamcrest-core-1.3.jar
  - C:\Users\huynh\.m2\repository\org\junit\jupiter\junit-jupiter-api\5.14.2\junit-jupiter-api-5.14.2.jar
  - C:\Users\huynh\.m2\repository\org\opentest4j\opentest4j\1.3.0\opentest4j-1.3.0.jar
  - C:\Users\huynh\.m2\repository\org\junit\platform\junit-platform-commons\1.14.2\junit-platform-commons-1.14.2.jar
  - C:\Users\huynh\.m2\repository\org\apiguardian\apiguardian-api\1.1.2\apiguardian-api-1.1.2.jar
  - C:\Users\huynh\.m2\repository\org\junit\jupiter\junit-jupiter-engine\5.14.2\junit-jupiter-engine-5.14.2.jar
  - C:\Users\huynh\.m2\repository\org\junit\platform\junit-platform-engine\1.14.2\junit-platform-engine-1.14.2.jar
  - C:\Users\huynh\.m2\repository\org\junit\jupiter\junit-jupiter-params\5.14.2\junit-jupiter-params-5.14.2.jar
  - C:\Users\huynh\.m2\repository\org\junit-pioneer\junit-pioneer\1.9.1\junit-pioneer-1.9.1.jar
  - C:\Users\huynh\.m2\repository\org\junit\platform\junit-platform-launcher\1.14.2\junit-platform-launcher-1.14.2.jar
  - C:\Users\huynh\.m2\repository\commons-io\commons-io\2.21.0\commons-io-2.21.0.jar
  - C:\Users\huynh\.m2\repository\org\apache\commons\commons-text\1.15.0\commons-text-1.15.0.jar
  - C:\Users\huynh\.m2\repository\org\apache\commons\commons-lang3\3.20.0\commons-lang3-3.20.0.jar
  - C:\Users\huynh\.m2\repository\org\mockito\mockito-core\4.11.0\mockito-core-4.11.0.jar
  - C:\Users\huynh\.m2\repository\net\bytebuddy\byte-buddy\1.12.19\byte-buddy-1.12.19.jar
  - C:\Users\huynh\.m2\repository\net\bytebuddy\byte-buddy-agent\1.12.19\byte-buddy-agent-1.12.19.jar
  - C:\Users\huynh\.m2\repository\org\objenesis\objenesis\3.3\objenesis-3.3.jar
* Finished analyzing classpath
* Generating tests for class org.apache.commons.cli.GnuParser
* Test criteria:
  - Line Coverage
  - Branch Coverage
  - Exception
  - Mutation testing (weak)
  - Method-Output Coverage
  - Top-Level Method Coverage
  - No-Exception Top-Level Method Coverage
  - Context Branch Coverage
* Setting up search algorithm for whole suite generation
[MASTER] 18:28:42.539 [pool-2-thread-1] WARN  TestSuiteSerialization - Cannot load tests because file does not exist: D:\University\Semester 5 - Winter 2026\EECS4313 - Software Engineering Testing\Assignment 2\EECS4313-Assignment2\.evosuite\evosuite-seeds\org.apache.commons.cli.GnuParser.seed
* Loaded 0 tests from D:\University\Semester 5 - Winter 2026\EECS4313 - Software Engineering Testing\Assignment 2\EECS4313-Assignment2\.evosuite\evosuite-seeds\org.apache.commons.cli.GnuParser.seed
* Total number of test goals: 
  - Line 33
  - Branch 23
  - Exception 0
  - MutationFactory 50
  - Output 3
  - Method 2
  - MethodNoException 2
  - CBranchFitnessFactory 23
* Using seed 1773354513205
* Starting evolution
[MASTER] 18:28:42.958 [pool-2-thread-1] WARN  TimeController - Phase INITIALIZATION lasted too long, 1 seconds more than allowed.
