* Starting client
* Connecting to master process on port 12128
* Analyzing classpath: 
  - D:\University\Semester 5 - Winter 2026\EECS4313 - Software Engineering Testing\Assignment 2\EECS4313-Assignment2\target\test-classes
  - D:\University\Semester 5 - Winter 2026\EECS4313 - Software Engineering Testing\Assignment 2\EECS4313-Assignment2\target\classes
  - C:\Users\huynh\.m2\repository\junit\junit\4.13.2\junit-4.13.2.jar
  - C:\Users\huynh\.m2\repository\org\hamcrest\hamcrest-core\1.3\hamcrest-core-1.3.jar
  - C:\Users\huynh\.m2\repository\org\junit\jupiter\junit-jupiter-api\5.14.2\junit-jupiter-api-5.14.2.jar
  - C:\Users\huynh\.m2\repository\org\opentest4j\opentest4j\1.3.0\opentest4j-1.3.0.jar
  - C:\Users\huynh\.m2\repository\org\junit\platform\junit-platform-commons\1.14.2\junit-platform-commons-1.14.2.jar
  - C:\Users\huynh\.m2\repository\org\apiguardian\apiguardian-api\1.1.2\apiguardian-api-1.1.2.jar
  - C:\Users\huynh\.m2\repository\org\junit\jupiter\junit-jupiter-engine\5.14.2\junit-jupiter-engine-5.14.2.jar
  - C:\Users\huynh\.m2\repository\org\junit\platform\junit-platform-engine\1.14.2\junit-platform-engine-1.14.2.jar
  - C:\Users\huynh\.m2\repository\org\junit\jupiter\junit-jupiter-params\5.14.2\junit-jupiter-params-5.14.2.jar
  - C:\Users\huynh\.m2\repository\org\junit-pioneer\junit-pioneer\1.9.1\junit-pioneer-1.9.1.jar
  - C:\Users\huynh\.m2\repository\org\junit\platform\junit-platform-launcher\1.14.2\junit-platform-launcher-1.14.2.jar
  - C:\Users\huynh\.m2\repository\commons-io\commons-io\2.21.0\commons-io-2.21.0.jar
  - C:\Users\huynh\.m2\repository\org\apache\commons\commons-text\1.15.0\commons-text-1.15.0.jar
  - C:\Users\huynh\.m2\repository\org\apache\commons\commons-lang3\3.20.0\commons-lang3-3.20.0.jar
  - C:\Users\huynh\.m2\repository\org\mockito\mockito-core\4.11.0\mockito-core-4.11.0.jar
  - C:\Users\huynh\.m2\repository\net\bytebuddy\byte-buddy\1.12.19\byte-buddy-1.12.19.jar
  - C:\Users\huynh\.m2\repository\net\bytebuddy\byte-buddy-agent\1.12.19\byte-buddy-agent-1.12.19.jar
  - C:\Users\huynh\.m2\repository\org\objenesis\objenesis\3.3\objenesis-3.3.jar
* Finished analyzing classpath
* Generating tests for class org.apache.commons.cli.help.TextHelpAppendable
* Test criteria:
  - Line Coverage
  - Branch Coverage
  - Exception
  - Mutation testing (weak)
  - Method-Output Coverage
  - Top-Level Method Coverage
  - No-Exception Top-Level Method Coverage
  - Context Branch Coverage
* Setting up search algorithm for whole suite generation
[MASTER] 18:06:27.739 [pool-2-thread-1] WARN  TestSuiteSerialization - Cannot load tests because file does not exist: D:\University\Semester 5 - Winter 2026\EECS4313 - Software Engineering Testing\Assignment 2\EECS4313-Assignment2\.evosuite\evosuite-seeds\org.apache.commons.cli.help.TextHelpAppendable.seed
* Loaded 0 tests from D:\University\Semester 5 - Winter 2026\EECS4313 - Software Engineering Testing\Assignment 2\EECS4313-Assignment2\.evosuite\evosuite-seeds\org.apache.commons.cli.help.TextHelpAppendable.seed
* Total number of test goals: 
  - Line 152
  - Branch 96
  - Exception 0
  - MutationFactory 718
  - Output 62
  - Method 22
  - MethodNoException 22
  - CBranchFitnessFactory 96
* Using seed 1773353181948
* Starting evolution
* Search finished after 111s and 56 generations, 34491 statements, best individual has fitness: 73.85897435571474
* Writing sequences to pool
* Minimizing test suite
[MASTER] 18:08:41.186 [pool-2-thread-1] WARN  TestSuiteMinimizer - Minimization timeout. Roll back to original test suite
* Going to analyze the coverage criteria
* Coverage analysis for criterion LINE
* Coverage of criterion LINE: 97%
* Total number of goals: 152
* Number of covered goals: 147
* Coverage analysis for criterion BRANCH
* Coverage of criterion BRANCH: 90%
* Total number of goals: 96
* Number of covered goals: 86
* Coverage analysis for criterion EXCEPTION
* Coverage of criterion EXCEPTION: 100%
* Total number of goals: 38
* Number of covered goals: 38
* Coverage analysis for criterion WEAKMUTATION
* Coverage of criterion WEAKMUTATION: 96%
* Total number of goals: 718
* Number of covered goals: 686
* Coverage analysis for criterion OUTPUT
* Coverage of criterion OUTPUT: 71%
* Total number of goals: 62
* Number of covered goals: 44
* Coverage analysis for criterion METHOD
* Coverage of criterion METHOD: 100%
* Total number of goals: 22
* Number of covered goals: 22
* Coverage analysis for criterion METHODNOEXCEPTION
* Coverage of criterion METHODNOEXCEPTION: 100%
* Total number of goals: 22
* Number of covered goals: 22
* Coverage analysis for criterion CBRANCH
* Coverage of criterion CBRANCH: 90%
* Total number of goals: 96
* Number of covered goals: 86
* Generated 89 tests with total length 1658
* Resulting test suite's coverage: 93% (average coverage for all fitness functions)
* Generating assertions
[MASTER] 18:09:00.002 [pool-2-thread-1] WARN  SimpleMutationAssertionGenerator - Reached maximum time to generate assertions, aborting assertion generation
* Resulting test suite's mutation score: 1%
* Compiling and checking tests
* Permissions denied during test execution: 
  - java.lang.RuntimePermission: 
         writeFileDescriptor: 10
* Writing JUnit test case 'TextHelpAppendable_ESTest' to D:\University\Semester 5 - Winter 2026\EECS4313 - Software Engineering Testing\Assignment 2\EECS4313-Assignment2\.evosuite\tmp_2026_03_12_17_57_07\tests
* Done!

