* Starting client
* Connecting to master process on port 15046
* Analyzing classpath: 
  - D:\University\Semester 5 - Winter 2026\EECS4313 - Software Engineering Testing\Assignment 2\EECS4313-Assignment2\target\test-classes
  - D:\University\Semester 5 - Winter 2026\EECS4313 - Software Engineering Testing\Assignment 2\EECS4313-Assignment2\target\classes
  - C:\Users\huynh\.m2\repository\junit\junit\4.13.2\junit-4.13.2.jar
  - C:\Users\huynh\.m2\repository\org\hamcrest\hamcrest-core\1.3\hamcrest-core-1.3.jar
  - C:\Users\huynh\.m2\repository\org\junit\jupiter\junit-jupiter-api\5.14.2\junit-jupiter-api-5.14.2.jar
  - C:\Users\huynh\.m2\repository\org\opentest4j\opentest4j\1.3.0\opentest4j-1.3.0.jar
  - C:\Users\huynh\.m2\repository\org\junit\platform\junit-platform-commons\1.14.2\junit-platform-commons-1.14.2.jar
  - C:\Users\huynh\.m2\repository\org\apiguardian\apiguardian-api\1.1.2\apiguardian-api-1.1.2.jar
  - C:\Users\huynh\.m2\repository\org\junit\jupiter\junit-jupiter-engine\5.14.2\junit-jupiter-engine-5.14.2.jar
  - C:\Users\huynh\.m2\repository\org\junit\platform\junit-platform-engine\1.14.2\junit-platform-engine-1.14.2.jar
  - C:\Users\huynh\.m2\repository\org\junit\jupiter\junit-jupiter-params\5.14.2\junit-jupiter-params-5.14.2.jar
  - C:\Users\huynh\.m2\repository\org\junit-pioneer\junit-pioneer\1.9.1\junit-pioneer-1.9.1.jar
  - C:\Users\huynh\.m2\repository\org\junit\platform\junit-platform-launcher\1.14.2\junit-platform-launcher-1.14.2.jar
  - C:\Users\huynh\.m2\repository\commons-io\commons-io\2.21.0\commons-io-2.21.0.jar
  - C:\Users\huynh\.m2\repository\org\apache\commons\commons-text\1.15.0\commons-text-1.15.0.jar
  - C:\Users\huynh\.m2\repository\org\apache\commons\commons-lang3\3.20.0\commons-lang3-3.20.0.jar
  - C:\Users\huynh\.m2\repository\org\mockito\mockito-core\4.11.0\mockito-core-4.11.0.jar
  - C:\Users\huynh\.m2\repository\net\bytebuddy\byte-buddy\1.12.19\byte-buddy-1.12.19.jar
  - C:\Users\huynh\.m2\repository\net\bytebuddy\byte-buddy-agent\1.12.19\byte-buddy-agent-1.12.19.jar
  - C:\Users\huynh\.m2\repository\org\objenesis\objenesis\3.3\objenesis-3.3.jar
* Finished analyzing classpath
* Generating tests for class org.apache.commons.cli.CommandLine
* Test criteria:
  - Line Coverage
  - Branch Coverage
  - Exception
  - Mutation testing (weak)
  - Method-Output Coverage
  - Top-Level Method Coverage
  - No-Exception Top-Level Method Coverage
  - Context Branch Coverage
* Setting up search algorithm for whole suite generation
[MASTER] 18:14:24.718 [pool-2-thread-1] WARN  TestSuiteSerialization - Cannot load tests because file does not exist: D:\University\Semester 5 - Winter 2026\EECS4313 - Software Engineering Testing\Assignment 2\EECS4313-Assignment2\.evosuite\evosuite-seeds\org.apache.commons.cli.CommandLine.seed
* Loaded 0 tests from D:\University\Semester 5 - Winter 2026\EECS4313 - Software Engineering Testing\Assignment 2\EECS4313-Assignment2\.evosuite\evosuite-seeds\org.apache.commons.cli.CommandLine.seed
* Total number of test goals: 
  - Line 140
  - Branch 113
  - Exception 0
  - MutationFactory 130
  - Output 157
  - Method 63
  - MethodNoException 63
  - CBranchFitnessFactory 113
* Using seed 1773353657464
* Starting evolution
[MASTER] 18:14:55.573 [pool-2-thread-1] WARN  TestChromosome - Functional mock problem: org.evosuite.ga.ConstructionFailedException: No generators of type java.lang.Class<org.apache.commons.cli.Option>
[MASTER] 18:15:06.961 [pool-2-thread-1] WARN  TestChromosome - Functional mock problem: org.evosuite.ga.ConstructionFailedException: Invalid generic instance
* Search finished after 86s and 108 generations, 111262 statements, best individual has fitness: 144.58974358694962
* Writing sequences to pool
* Minimizing test suite
* Going to analyze the coverage criteria
* Coverage analysis for criterion LINE
* Coverage of criterion LINE: 91%
* Total number of goals: 140
* Number of covered goals: 127
* Coverage analysis for criterion BRANCH
* Coverage of criterion BRANCH: 88%
* Total number of goals: 113
* Number of covered goals: 99
* Coverage analysis for criterion EXCEPTION
* Coverage of criterion EXCEPTION: 100%
* Total number of goals: 5
* Number of covered goals: 5
* Coverage analysis for criterion WEAKMUTATION
* Coverage of criterion WEAKMUTATION: 65%
* Total number of goals: 130
* Number of covered goals: 85
* Coverage analysis for criterion OUTPUT
* Coverage of criterion OUTPUT: 68%
* Total number of goals: 157
* Number of covered goals: 106
* Coverage analysis for criterion METHOD
* Coverage of criterion METHOD: 100%
* Total number of goals: 63
* Number of covered goals: 63
* Coverage analysis for criterion METHODNOEXCEPTION
* Coverage of criterion METHODNOEXCEPTION: 100%
* Total number of goals: 63
* Number of covered goals: 63
* Coverage analysis for criterion CBRANCH
* Coverage of criterion CBRANCH: 87%
* Total number of goals: 113
* Number of covered goals: 98
* Generated 120 tests with total length 425
* Resulting test suite's coverage: 87% (average coverage for all fitness functions)
* Generating assertions
* Resulting test suite's mutation score: 22%
* Compiling and checking tests
* Writing JUnit test case 'CommandLine_ESTest' to D:\University\Semester 5 - Winter 2026\EECS4313 - Software Engineering Testing\Assignment 2\EECS4313-Assignment2\.evosuite\tmp_2026_03_12_17_57_07\tests
* Done!

